  DirectionVector.cpp
  Dlg_Tools.cpp
d:\simon_workspace\roboticbiopsy-laserspermimmobilization\dlg_tools.cpp(259): warning C4244: “参数”: 从“double”转换到“float”，可能丢失数据
d:\simon_workspace\roboticbiopsy-laserspermimmobilization\dlg_tools.cpp(272): warning C4244: “参数”: 从“double”转换到“float”，可能丢失数据
d:\simon_workspace\roboticbiopsy-laserspermimmobilization\dlg_tools.cpp(285): warning C4244: “参数”: 从“double”转换到“float”，可能丢失数据
d:\simon_workspace\roboticbiopsy-laserspermimmobilization\dlg_tools.cpp(298): warning C4244: “参数”: 从“double”转换到“float”，可能丢失数据
d:\simon_workspace\roboticbiopsy-laserspermimmobilization\dlg_tools.cpp(312): warning C4244: “参数”: 从“double”转换到“float”，可能丢失数据
d:\simon_workspace\roboticbiopsy-laserspermimmobilization\dlg_tools.cpp(325): warning C4244: “参数”: 从“double”转换到“float”，可能丢失数据
  EppendorfPump.cpp
d:\simon_workspace\roboticbiopsy-laserspermimmobilization\eppendorfpump.cpp(87): warning C4244: “参数”: 从“__int64”转换到“double”，可能丢失数据
d:\simon_workspace\roboticbiopsy-laserspermimmobilization\eppendorfpump.cpp(100): warning C4244: “参数”: 从“__int64”转换到“double”，可能丢失数据
d:\simon_workspace\roboticbiopsy-laserspermimmobilization\eppendorfpump.cpp(110): warning C4244: “return”: 从“double”转换到“__int64”，可能丢失数据
  MainFrm.cpp
d:\simon_workspace\roboticbiopsy-laserspermimmobilization\mainfrm.cpp(347): warning C4244: “参数”: 从“__int64”转换到“double”，可能丢失数据
d:\simon_workspace\roboticbiopsy-laserspermimmobilization\mainfrm.cpp(349): warning C4244: “参数”: 从“__int64”转换到“double”，可能丢失数据
d:\simon_workspace\roboticbiopsy-laserspermimmobilization\mainfrm.cpp(356): warning C4305: “初始化”: 从“double”到“float”截断
d:\simon_workspace\roboticbiopsy-laserspermimmobilization\mainfrm.cpp(357): warning C4305: “初始化”: 从“double”到“float”截断
d:\simon_workspace\roboticbiopsy-laserspermimmobilization\mainfrm.cpp(554): warning C4390: “;”: 找到空的受控语句；这是否是有意的?
d:\simon_workspace\roboticbiopsy-laserspermimmobilization\mainfrm.cpp(689): warning C4244: “初始化”: 从“double”转换到“float”，可能丢失数据
d:\simon_workspace\roboticbiopsy-laserspermimmobilization\mainfrm.cpp(690): warning C4244: “初始化”: 从“double”转换到“float”，可能丢失数据
d:\simon_workspace\roboticbiopsy-laserspermimmobilization\mainfrm.cpp(700): warning C4244: “初始化”: 从“_Tp”转换到“float”，可能丢失数据
          with
          [
              _Tp=int
          ]
d:\simon_workspace\roboticbiopsy-laserspermimmobilization\mainfrm.cpp(701): warning C4244: “初始化”: 从“_Tp”转换到“float”，可能丢失数据
          with
          [
              _Tp=int
          ]
d:\simon_workspace\roboticbiopsy-laserspermimmobilization\mainfrm.cpp(742): warning C4244: “初始化”: 从“_Tp”转换到“int”，可能丢失数据
          with
          [
              _Tp=double
          ]
d:\simon_workspace\roboticbiopsy-laserspermimmobilization\mainfrm.cpp(766): warning C4244: “参数”: 从“double”转换到“float”，可能丢失数据
  Methods.cpp
d:\simon_workspace\roboticbiopsy-laserspermimmobilization\methods.cpp(81): warning C4554: “&”: 检查运算符优先级是否存在的可能的错误；使用括号阐明优先级
d:\simon_workspace\roboticbiopsy-laserspermimmobilization\methods.cpp(115): warning C4244: “参数”: 从“double”转换到“_Tp”，可能丢失数据
          with
          [
              _Tp=int
          ]
d:\simon_workspace\roboticbiopsy-laserspermimmobilization\methods.cpp(327): warning C4244: “参数”: 从“float”转换到“_Tp”，可能丢失数据
          with
          [
              _Tp=int
          ]
d:\simon_workspace\roboticbiopsy-laserspermimmobilization\methods.cpp(353): warning C4018: “<”: 有符号/无符号不匹配
d:\simon_workspace\roboticbiopsy-laserspermimmobilization\methods.cpp(381): warning C4018: “<”: 有符号/无符号不匹配
d:\simon_workspace\roboticbiopsy-laserspermimmobilization\methods.cpp(407): warning C4018: “<”: 有符号/无符号不匹配
d:\simon_workspace\roboticbiopsy-laserspermimmobilization\methods.cpp(647): warning C4018: “<”: 有符号/无符号不匹配
d:\simon_workspace\roboticbiopsy-laserspermimmobilization\methods.cpp(672): warning C4018: “<=”: 有符号/无符号不匹配
d:\simon_workspace\roboticbiopsy-laserspermimmobilization\methods.cpp(693): warning C4244: “=”: 从“double”转换到“_Tp”，可能丢失数据
          with
          [
              _Tp=float
          ]
d:\simon_workspace\roboticbiopsy-laserspermimmobilization\methods.cpp(703): warning C4018: “<”: 有符号/无符号不匹配
d:\simon_workspace\roboticbiopsy-laserspermimmobilization\methods.cpp(704): warning C4244: “=”: 从“const _Ty”转换到“_Tp”，可能丢失数据
          with
          [
              _Ty=double
          ]
          and
          [
              _Tp=float
          ]
d:\simon_workspace\roboticbiopsy-laserspermimmobilization\methods.cpp(708): warning C4018: “<”: 有符号/无符号不匹配
d:\simon_workspace\roboticbiopsy-laserspermimmobilization\methods.cpp(711): warning C4018: “<=”: 有符号/无符号不匹配
  PDAFfilter.cpp
d:\simon_workspace\roboticbiopsy-laserspermimmobilization\pdaffilter.h(39): warning C4244: “=”: 从“double”转换到“float”，可能丢失数据
d:\simon_workspace\roboticbiopsy-laserspermimmobilization\pdaffilter.cpp(19): warning C4305: “初始化”: 从“double”到“float”截断
d:\simon_workspace\roboticbiopsy-laserspermimmobilization\pdaffilter.cpp(34): warning C4305: “=”: 从“double”到“float”截断
d:\simon_workspace\roboticbiopsy-laserspermimmobilization\pdaffilter.cpp(35): warning C4305: “=”: 从“double”到“float”截断
d:\simon_workspace\roboticbiopsy-laserspermimmobilization\pdaffilter.cpp(94): warning C4018: “<”: 有符号/无符号不匹配
d:\simon_workspace\roboticbiopsy-laserspermimmobilization\pdaffilter.cpp(216): warning C4018: “<”: 有符号/无符号不匹配
d:\simon_workspace\roboticbiopsy-laserspermimmobilization\pdaffilter.cpp(250): warning C4018: “<”: 有符号/无符号不匹配
d:\simon_workspace\roboticbiopsy-laserspermimmobilization\pdaffilter.cpp(320): warning C4244: “参数”: 从“double”转换到“_Tp”，可能丢失数据
          with
          [
              _Tp=float
          ]
d:\simon_workspace\roboticbiopsy-laserspermimmobilization\pdaffilter.cpp(320): warning C4244: “参数”: 从“double”转换到“float”，可能丢失数据
  RoboticBiopsy.cpp
  RoboticBiopsyView.cpp
LINK : warning LNK4075: 忽略“/INCREMENTAL”(由于“/LTCG”规范)
opencv_world341d.lib(opencv_world341d.dll) : fatal error LNK1112: 模块计算机类型“x64”与目标计算机类型“x86”冲突
