d:\simon_workspace\roboticbiopsy-laserspermimmobilization\x64\debug\roboticicsi-laser-database.pch
d:\simon_workspace\roboticbiopsy-laserspermimmobilization\x64\debug\vc141.pdb
d:\simon_workspace\roboticbiopsy-laserspermimmobilization\x64\debug\stdafx.obj
d:\simon_workspace\roboticbiopsy-laserspermimmobilization\x64\debug\suttermanip.obj
d:\simon_workspace\roboticbiopsy-laserspermimmobilization\x64\debug\serial.obj
d:\simon_workspace\roboticbiopsy-laserspermimmobilization\x64\debug\rs232communication.obj
d:\simon_workspace\roboticbiopsy-laserspermimmobilization\x64\debug\roboticbiopsyview.obj
d:\simon_workspace\roboticbiopsy-laserspermimmobilization\x64\debug\roboticbiopsydoc.obj
d:\simon_workspace\roboticbiopsy-laserspermimmobilization\x64\debug\roboticbiopsy.obj
d:\simon_workspace\roboticbiopsy-laserspermimmobilization\x64\debug\priorstage.obj
d:\simon_workspace\roboticbiopsy-laserspermimmobilization\x64\debug\prior.obj
d:\simon_workspace\roboticbiopsy-laserspermimmobilization\x64\debug\pdaffilter.obj
d:\simon_workspace\roboticbiopsy-laserspermimmobilization\x64\debug\methods.obj
d:\simon_workspace\roboticbiopsy-laserspermimmobilization\x64\debug\mainfrm.obj
d:\simon_workspace\roboticbiopsy-laserspermimmobilization\x64\debug\jpdafilter.obj
d:\simon_workspace\roboticbiopsy-laserspermimmobilization\x64\debug\dlg_tools.obj
d:\simon_workspace\roboticbiopsy-laserspermimmobilization\x64\debug\directionvector.obj
d:\simon_workspace\roboticbiopsy-laserspermimmobilization\x64\debug\cvvimage.obj
d:\simon_workspace\roboticbiopsy-laserspermimmobilization\x64\debug\cgrabbuffer.obj
d:\simon_workspace\roboticbiopsy-laserspermimmobilization\x64\debug\camera.obj
d:\simon_workspace\roboticbiopsy-laserspermimmobilization\x64\debug\roboticbiopsy.res
d:\simon_workspace\roboticbiopsy-laserspermimmobilization\x64\debug\robotici.0ce318ab.tlog\cl.command.1.tlog
d:\simon_workspace\roboticbiopsy-laserspermimmobilization\x64\debug\robotici.0ce318ab.tlog\cl.read.1.tlog
d:\simon_workspace\roboticbiopsy-laserspermimmobilization\x64\debug\robotici.0ce318ab.tlog\cl.write.1.tlog
d:\simon_workspace\roboticbiopsy-laserspermimmobilization\x64\debug\robotici.0ce318ab.tlog\link.command.1.tlog
d:\simon_workspace\roboticbiopsy-laserspermimmobilization\x64\debug\robotici.0ce318ab.tlog\link.read.1.tlog
d:\simon_workspace\roboticbiopsy-laserspermimmobilization\x64\debug\robotici.0ce318ab.tlog\link.write.1.tlog
d:\simon_workspace\roboticbiopsy-laserspermimmobilization\x64\debug\robotici.0ce318ab.tlog\rc.command.1.tlog
d:\simon_workspace\roboticbiopsy-laserspermimmobilization\x64\debug\robotici.0ce318ab.tlog\rc.read.1.tlog
d:\simon_workspace\roboticbiopsy-laserspermimmobilization\x64\debug\robotici.0ce318ab.tlog\rc.write.1.tlog
